<?xml version="1.0" encoding="UTF-8"?>
<!-- Generated by org.testng.reporters.JUnitReportReporter -->
<testsuite hostname="DESKTOP-IQO0MOH" failures="0" tests="1" name="testCases.TC_002_LoginTest" time="2.406" errors="0" timestamp="2024-01-08T15:21:44 SGT" skipped="0">
  <testcase classname="testCases.TC_002_LoginTest" name="verify_login" time="2.406"/>
</testsuite> <!-- testCases.TC_002_LoginTest -->
