<?xml version="1.0" encoding="UTF-8"?>
<!-- Generated by org.testng.reporters.JUnitReportReporter -->
<testsuite hostname="DESKTOP-IQO0MOH" failures="0" tests="1" name="testCases.TC_001_AccountRegistrationTest" time="3.097" errors="0" timestamp="2024-01-08T15:21:44 SGT" skipped="0">
  <testcase classname="testCases.TC_001_AccountRegistrationTest" name="verify_account_registration" time="3.097"/>
</testsuite> <!-- testCases.TC_001_AccountRegistrationTest -->
