<?xml version="1.0" encoding="UTF-8"?>
<!-- Generated by org.testng.reporters.JUnitReportReporter -->
<testsuite hostname="DESKTOP-IQO0MOH" failures="0" tests="1" name="testCases.TC_001_AccountRegistrationTest" time="4.517" errors="0" timestamp="2024-01-03T16:46:25 SGT" skipped="0">
  <testcase classname="testCases.TC_001_AccountRegistrationTest" name="verify_account_registration" time="4.517"/>
</testsuite> <!-- testCases.TC_001_AccountRegistrationTest -->
